{"code": 1, "stdout": "69\nTraceback (most recent call last):\n  File [REDACTED], line 1, in <program>\n  File [REDACTED], line 1, in require\nRuntime Error: Failed to finish executing script \"[REDACTED]\"\nTraceback (most recent call last):\n  File /home/angel/projects/radon/tests/const.rn, line 6, in <program>\nRuntime Error: Cannot reassign to constant x\n\n    x = 10\n        ^^\nDuring the handling of the above error, another error occurred:\n\nTraceback (most recent call last):\n  File /home/angel/projects/radon/tests/const.rn, line 9, in <program>\n  File [REDACTED], line 11, in Foo\nRuntime Error: Cannot reassign to constant x\n\n        x = 45\n            ^^\nrequire(\"tests/const.rn\")\n^^^^^^^^^^^^^^^^^^^^^^^^\n", "stderr": ""}